<?xml version="1.0" encoding="UTF-8"?>
<testng-results skipped="0" failed="0" total="1" passed="1">
  <reporter-output>
  </reporter-output>
  <suite name="Default suite" duration-ms="14783" started-at="2018-08-08T06:12:41Z" finished-at="2018-08-08T06:12:56Z">
    <groups>
    </groups>
    <test name="Default test" duration-ms="14783" started-at="2018-08-08T06:12:41Z" finished-at="2018-08-08T06:12:56Z">
      <class name="Groupidisthepackagenametest.Loginpage">
        <test-method status="PASS" signature="loggingin()[pri:0, instance:Groupidisthepackagenametest.Loginpage@39c0f4a]" name="loggingin" duration-ms="14754" started-at="2018-08-07T23:12:41Z" finished-at="2018-08-07T23:12:56Z">
          <reporter-output>
          </reporter-output>
        </test-method> <!-- loggingin -->
      </class> <!-- Groupidisthepackagenametest.Loginpage -->
    </test> <!-- Default test -->
  </suite> <!-- Default suite -->
</testng-results>
